2026-04-24T19:42:58.438Z - SyntaxError: Expected property name or '}' in JSON at position 1 (line 1 column 2)
    at JSON.parse (<anonymous>)
    at parse (L:\My Upgrade Portfolio Website\KMaheshKuamrAchary.com\server\node_modules\body-parser\lib\types\json.js:72:19)
    at L:\My Upgrade Portfolio Website\KMaheshKuamrAchary.com\server\node_modules\body-parser\lib\read.js:162:18
    at AsyncResource.runInAsyncScope (node:async_hooks:227:14)
    at invokeCallback (L:\My Upgrade Portfolio Website\KMaheshKuamrAchary.com\server\node_modules\raw-body\index.js:238:16)
    at done (L:\My Upgrade Portfolio Website\KMaheshKuamrAchary.com\server\node_modules\raw-body\index.js:227:7)
    at IncomingMessage.onEnd (L:\My Upgrade Portfolio Website\KMaheshKuamrAchary.com\server\node_modules\raw-body\index.js:287:7)
    at IncomingMessage.emit (node:events:509:28)
    at endReadableNT (node:internal/streams/readable:1729:12)
    at process.processTicksAndRejections (node:internal/process/task_queues:90:21)

2026-04-24T19:43:32.930Z - SyntaxError: Expected property name or '}' in JSON at position 1 (line 1 column 2)
    at JSON.parse (<anonymous>)
    at parse (L:\My Upgrade Portfolio Website\KMaheshKuamrAchary.com\server\node_modules\body-parser\lib\types\json.js:72:19)
    at L:\My Upgrade Portfolio Website\KMaheshKuamrAchary.com\server\node_modules\body-parser\lib\read.js:162:18
    at AsyncResource.runInAsyncScope (node:async_hooks:227:14)
    at invokeCallback (L:\My Upgrade Portfolio Website\KMaheshKuamrAchary.com\server\node_modules\raw-body\index.js:238:16)
    at done (L:\My Upgrade Portfolio Website\KMaheshKuamrAchary.com\server\node_modules\raw-body\index.js:227:7)
    at IncomingMessage.onEnd (L:\My Upgrade Portfolio Website\KMaheshKuamrAchary.com\server\node_modules\raw-body\index.js:287:7)
    at IncomingMessage.emit (node:events:509:28)
    at endReadableNT (node:internal/streams/readable:1729:12)
    at process.processTicksAndRejections (node:internal/process/task_queues:90:21)

